Determining if the pthread_create exist failed with the following output:
Change Dir: /home/yzhz-ubuntu1604/racebot_app/catkin_qtros_test1_ws/build/CMakeFiles/CMakeTmp

Run Build Command:"/usr/bin/make" "cmTC_ee722/fast"
/usr/bin/make -f CMakeFiles/cmTC_ee722.dir/build.make CMakeFiles/cmTC_ee722.dir/build
make[1]: Entering directory '/home/yzhz-ubuntu1604/racebot_app/catkin_qtros_test1_ws/build/CMakeFiles/CMakeTmp'
Building C object CMakeFiles/cmTC_ee722.dir/CheckSymbolExists.c.o
/usr/bin/cc     -o CMakeFiles/cmTC_ee722.dir/CheckSymbolExists.c.o   -c /home/yzhz-ubuntu1604/racebot_app/catkin_qtros_test1_ws/build/CMakeFiles/CMakeTmp/CheckSymbolExists.c
Linking C executable cmTC_ee722
/usr/bin/cmake -E cmake_link_script CMakeFiles/cmTC_ee722.dir/link.txt --verbose=1
/usr/bin/cc       CMakeFiles/cmTC_ee722.dir/CheckSymbolExists.c.o  -o cmTC_ee722 -rdynamic 
CMakeFiles/cmTC_ee722.dir/CheckSymbolExists.c.o：在函数‘main’中：
CheckSymbolExists.c:(.text+0x16)：对‘pthread_create’未定义的引用
collect2: error: ld returned 1 exit status
CMakeFiles/cmTC_ee722.dir/build.make:97: recipe for target 'cmTC_ee722' failed
make[1]: *** [cmTC_ee722] Error 1
make[1]: Leaving directory '/home/yzhz-ubuntu1604/racebot_app/catkin_qtros_test1_ws/build/CMakeFiles/CMakeTmp'
Makefile:126: recipe for target 'cmTC_ee722/fast' failed
make: *** [cmTC_ee722/fast] Error 2

File /home/yzhz-ubuntu1604/racebot_app/catkin_qtros_test1_ws/build/CMakeFiles/CMakeTmp/CheckSymbolExists.c:
/* */
#include <pthread.h>

int main(int argc, char** argv)
{
  (void)argv;
#ifndef pthread_create
  return ((int*)(&pthread_create))[argc];
#else
  (void)argc;
  return 0;
#endif
}

Determining if the function pthread_create exists in the pthreads failed with the following output:
Change Dir: /home/yzhz-ubuntu1604/racebot_app/catkin_qtros_test1_ws/build/CMakeFiles/CMakeTmp

Run Build Command:"/usr/bin/make" "cmTC_bd3b9/fast"
/usr/bin/make -f CMakeFiles/cmTC_bd3b9.dir/build.make CMakeFiles/cmTC_bd3b9.dir/build
make[1]: Entering directory '/home/yzhz-ubuntu1604/racebot_app/catkin_qtros_test1_ws/build/CMakeFiles/CMakeTmp'
Building C object CMakeFiles/cmTC_bd3b9.dir/CheckFunctionExists.c.o
/usr/bin/cc    -DCHECK_FUNCTION_EXISTS=pthread_create   -o CMakeFiles/cmTC_bd3b9.dir/CheckFunctionExists.c.o   -c /usr/share/cmake-3.5/Modules/CheckFunctionExists.c
Linking C executable cmTC_bd3b9
/usr/bin/cmake -E cmake_link_script CMakeFiles/cmTC_bd3b9.dir/link.txt --verbose=1
/usr/bin/cc   -DCHECK_FUNCTION_EXISTS=pthread_create    CMakeFiles/cmTC_bd3b9.dir/CheckFunctionExists.c.o  -o cmTC_bd3b9 -rdynamic -lpthreads 
/usr/bin/ld: 找不到 -lpthreads
collect2: error: ld returned 1 exit status
CMakeFiles/cmTC_bd3b9.dir/build.make:97: recipe for target 'cmTC_bd3b9' failed
make[1]: *** [cmTC_bd3b9] Error 1
make[1]: Leaving directory '/home/yzhz-ubuntu1604/racebot_app/catkin_qtros_test1_ws/build/CMakeFiles/CMakeTmp'
Makefile:126: recipe for target 'cmTC_bd3b9/fast' failed
make: *** [cmTC_bd3b9/fast] Error 2


Determining if the Q_WS_WIN exist failed with the following output:
Change Dir: /home/yzhz-ubuntu1604/racebot_app/catkin_qtros_test1_ws/build/CMakeFiles/CMakeTmp

Run Build Command:"/usr/bin/make" "cmTC_53f65/fast"
/usr/bin/make -f CMakeFiles/cmTC_53f65.dir/build.make CMakeFiles/cmTC_53f65.dir/build
make[1]: Entering directory '/home/yzhz-ubuntu1604/racebot_app/catkin_qtros_test1_ws/build/CMakeFiles/CMakeTmp'
Building CXX object CMakeFiles/cmTC_53f65.dir/CheckSymbolExists.cxx.o
/usr/bin/c++    -I/usr/include/qt4   -o CMakeFiles/cmTC_53f65.dir/CheckSymbolExists.cxx.o -c /home/yzhz-ubuntu1604/racebot_app/catkin_qtros_test1_ws/build/CMakeFiles/CMakeTmp/CheckSymbolExists.cxx
/home/yzhz-ubuntu1604/racebot_app/catkin_qtros_test1_ws/build/CMakeFiles/CMakeTmp/CheckSymbolExists.cxx: In function ‘int main(int, char**)’:
/home/yzhz-ubuntu1604/racebot_app/catkin_qtros_test1_ws/build/CMakeFiles/CMakeTmp/CheckSymbolExists.cxx:8:19: error: ‘Q_WS_WIN’ was not declared in this scope
   return ((int*)(&Q_WS_WIN))[argc];
                   ^
CMakeFiles/cmTC_53f65.dir/build.make:65: recipe for target 'CMakeFiles/cmTC_53f65.dir/CheckSymbolExists.cxx.o' failed
make[1]: *** [CMakeFiles/cmTC_53f65.dir/CheckSymbolExists.cxx.o] Error 1
make[1]: Leaving directory '/home/yzhz-ubuntu1604/racebot_app/catkin_qtros_test1_ws/build/CMakeFiles/CMakeTmp'
Makefile:126: recipe for target 'cmTC_53f65/fast' failed
make: *** [cmTC_53f65/fast] Error 2

File /home/yzhz-ubuntu1604/racebot_app/catkin_qtros_test1_ws/build/CMakeFiles/CMakeTmp/CheckSymbolExists.cxx:
/* */
#include <QtCore/qglobal.h>

int main(int argc, char** argv)
{
  (void)argv;
#ifndef Q_WS_WIN
  return ((int*)(&Q_WS_WIN))[argc];
#else
  (void)argc;
  return 0;
#endif
}

Determining if the Q_WS_QWS exist failed with the following output:
Change Dir: /home/yzhz-ubuntu1604/racebot_app/catkin_qtros_test1_ws/build/CMakeFiles/CMakeTmp

Run Build Command:"/usr/bin/make" "cmTC_a615b/fast"
/usr/bin/make -f CMakeFiles/cmTC_a615b.dir/build.make CMakeFiles/cmTC_a615b.dir/build
make[1]: Entering directory '/home/yzhz-ubuntu1604/racebot_app/catkin_qtros_test1_ws/build/CMakeFiles/CMakeTmp'
Building CXX object CMakeFiles/cmTC_a615b.dir/CheckSymbolExists.cxx.o
/usr/bin/c++    -I/usr/include/qt4   -o CMakeFiles/cmTC_a615b.dir/CheckSymbolExists.cxx.o -c /home/yzhz-ubuntu1604/racebot_app/catkin_qtros_test1_ws/build/CMakeFiles/CMakeTmp/CheckSymbolExists.cxx
/home/yzhz-ubuntu1604/racebot_app/catkin_qtros_test1_ws/build/CMakeFiles/CMakeTmp/CheckSymbolExists.cxx: In function ‘int main(int, char**)’:
/home/yzhz-ubuntu1604/racebot_app/catkin_qtros_test1_ws/build/CMakeFiles/CMakeTmp/CheckSymbolExists.cxx:8:19: error: ‘Q_WS_QWS’ was not declared in this scope
   return ((int*)(&Q_WS_QWS))[argc];
                   ^
CMakeFiles/cmTC_a615b.dir/build.make:65: recipe for target 'CMakeFiles/cmTC_a615b.dir/CheckSymbolExists.cxx.o' failed
make[1]: *** [CMakeFiles/cmTC_a615b.dir/CheckSymbolExists.cxx.o] Error 1
make[1]: Leaving directory '/home/yzhz-ubuntu1604/racebot_app/catkin_qtros_test1_ws/build/CMakeFiles/CMakeTmp'
Makefile:126: recipe for target 'cmTC_a615b/fast' failed
make: *** [cmTC_a615b/fast] Error 2

File /home/yzhz-ubuntu1604/racebot_app/catkin_qtros_test1_ws/build/CMakeFiles/CMakeTmp/CheckSymbolExists.cxx:
/* */
#include <QtCore/qglobal.h>

int main(int argc, char** argv)
{
  (void)argv;
#ifndef Q_WS_QWS
  return ((int*)(&Q_WS_QWS))[argc];
#else
  (void)argc;
  return 0;
#endif
}

Determining if the Q_WS_MAC exist failed with the following output:
Change Dir: /home/yzhz-ubuntu1604/racebot_app/catkin_qtros_test1_ws/build/CMakeFiles/CMakeTmp

Run Build Command:"/usr/bin/make" "cmTC_33728/fast"
/usr/bin/make -f CMakeFiles/cmTC_33728.dir/build.make CMakeFiles/cmTC_33728.dir/build
make[1]: Entering directory '/home/yzhz-ubuntu1604/racebot_app/catkin_qtros_test1_ws/build/CMakeFiles/CMakeTmp'
Building CXX object CMakeFiles/cmTC_33728.dir/CheckSymbolExists.cxx.o
/usr/bin/c++    -I/usr/include/qt4   -o CMakeFiles/cmTC_33728.dir/CheckSymbolExists.cxx.o -c /home/yzhz-ubuntu1604/racebot_app/catkin_qtros_test1_ws/build/CMakeFiles/CMakeTmp/CheckSymbolExists.cxx
/home/yzhz-ubuntu1604/racebot_app/catkin_qtros_test1_ws/build/CMakeFiles/CMakeTmp/CheckSymbolExists.cxx: In function ‘int main(int, char**)’:
/home/yzhz-ubuntu1604/racebot_app/catkin_qtros_test1_ws/build/CMakeFiles/CMakeTmp/CheckSymbolExists.cxx:8:19: error: ‘Q_WS_MAC’ was not declared in this scope
   return ((int*)(&Q_WS_MAC))[argc];
                   ^
CMakeFiles/cmTC_33728.dir/build.make:65: recipe for target 'CMakeFiles/cmTC_33728.dir/CheckSymbolExists.cxx.o' failed
make[1]: *** [CMakeFiles/cmTC_33728.dir/CheckSymbolExists.cxx.o] Error 1
make[1]: Leaving directory '/home/yzhz-ubuntu1604/racebot_app/catkin_qtros_test1_ws/build/CMakeFiles/CMakeTmp'
Makefile:126: recipe for target 'cmTC_33728/fast' failed
make: *** [cmTC_33728/fast] Error 2

File /home/yzhz-ubuntu1604/racebot_app/catkin_qtros_test1_ws/build/CMakeFiles/CMakeTmp/CheckSymbolExists.cxx:
/* */
#include <QtCore/qglobal.h>

int main(int argc, char** argv)
{
  (void)argv;
#ifndef Q_WS_MAC
  return ((int*)(&Q_WS_MAC))[argc];
#else
  (void)argc;
  return 0;
#endif
}

